--- Copying files at Mon Feb 25 15:16:47 UTC 2019
INSTALLED init.groovy.d/security.groovy
INSTALLED init.groovy.d/tcp-slave-agent-port.groovy
INSTALLED plugins/ace-editor.jpi : 1.1
INSTALLED plugins/ant.jpi : 1.9
INSTALLED plugins/antisamy-markup-formatter.jpi : 1.5
INSTALLED plugins/apache-httpcomponents-client-4-api.jpi : 4.5.5-3.0
INSTALLED plugins/authentication-tokens.jpi : 1.3
INSTALLED plugins/bouncycastle-api.jpi : 2.17
INSTALLED plugins/branch-api.jpi : 2.1.2
INSTALLED plugins/build-timeout.jpi : 1.19
INSTALLED plugins/cloudbees-folder.jpi : 6.7
INSTALLED plugins/command-launcher.jpi : 1.3
INSTALLED plugins/credentials-binding.jpi : 1.17
INSTALLED plugins/credentials.jpi : 2.1.18
INSTALLED plugins/display-url-api.jpi : 2.3.0
INSTALLED plugins/docker-build-step.jpi : 2.2
INSTALLED plugins/docker-commons.jpi : 1.13
INSTALLED plugins/docker-compose-build-step.jpi : 1.0
INSTALLED plugins/docker-java-api.jpi : 3.0.14
INSTALLED plugins/docker-plugin.jpi : 1.1.6
INSTALLED plugins/docker-workflow.jpi : 1.17
INSTALLED plugins/durable-task.jpi : 1.29
INSTALLED plugins/email-ext.jpi : 2.63
INSTALLED plugins/git-client.jpi : 2.7.6
INSTALLED plugins/git-server.jpi : 1.7
INSTALLED plugins/git.jpi : 3.9.3
INSTALLED plugins/github-api.jpi : 1.95
INSTALLED plugins/github-branch-source.jpi : 2.4.2
INSTALLED plugins/github.jpi : 1.29.4
INSTALLED plugins/gradle.jpi : 1.30
INSTALLED plugins/handlebars.jpi : 1.1.1
INSTALLED plugins/jackson2-api.jpi : 2.9.8
INSTALLED plugins/jdk-tool.jpi : 1.2
INSTALLED plugins/jquery-detached.jpi : 1.2.1
INSTALLED plugins/jsch.jpi : 0.1.55
INSTALLED plugins/junit.jpi : 1.27
INSTALLED plugins/ldap.jpi : 1.20
INSTALLED plugins/lockable-resources.jpi : 2.4
INSTALLED plugins/mailer.jpi : 1.23
INSTALLED plugins/mapdb-api.jpi : 1.0.9.0
INSTALLED plugins/matrix-auth.jpi : 2.3
INSTALLED plugins/matrix-project.jpi : 1.13
INSTALLED plugins/momentjs.jpi : 1.1.1
INSTALLED plugins/pam-auth.jpi : 1.4
INSTALLED plugins/pipeline-build-step.jpi : 2.7
INSTALLED plugins/pipeline-github-lib.jpi : 1.0
INSTALLED plugins/pipeline-graph-analysis.jpi : 1.9
INSTALLED plugins/pipeline-input-step.jpi : 2.9
INSTALLED plugins/pipeline-milestone-step.jpi : 1.3.1
INSTALLED plugins/pipeline-model-api.jpi : 1.3.4.1
INSTALLED plugins/pipeline-model-declarative-agent.jpi : 1.1.1
INSTALLED plugins/pipeline-model-definition.jpi : 1.3.4.1
INSTALLED plugins/pipeline-model-extensions.jpi : 1.3.4.1
INSTALLED plugins/pipeline-rest-api.jpi : 2.10
INSTALLED plugins/pipeline-stage-step.jpi : 2.3
INSTALLED plugins/pipeline-stage-tags-metadata.jpi : 1.3.4.1
INSTALLED plugins/pipeline-stage-view.jpi : 2.10
INSTALLED plugins/plain-credentials.jpi : 1.5
INSTALLED plugins/resource-disposer.jpi : 0.12
INSTALLED plugins/scm-api.jpi : 2.3.0
INSTALLED plugins/script-security.jpi : 1.53
INSTALLED plugins/ssh-credentials.jpi : 1.14
INSTALLED plugins/ssh-slaves.jpi : 1.29.4
INSTALLED plugins/structs.jpi : 1.17
INSTALLED plugins/subversion.jpi : 2.12.1
INSTALLED plugins/timestamper.jpi : 1.9
INSTALLED plugins/token-macro.jpi : 2.6
INSTALLED plugins/workflow-aggregator.jpi : 2.6
INSTALLED plugins/workflow-api.jpi : 2.33
INSTALLED plugins/workflow-basic-steps.jpi : 2.14
INSTALLED plugins/workflow-cps-global-lib.jpi : 2.13
INSTALLED plugins/workflow-cps.jpi : 2.63
INSTALLED plugins/workflow-durable-task-step.jpi : 2.28
INSTALLED plugins/workflow-job.jpi : 2.31
INSTALLED plugins/workflow-multibranch.jpi : 2.20
INSTALLED plugins/workflow-scm-step.jpi : 2.7
INSTALLED plugins/workflow-step-api.jpi : 2.19
INSTALLED plugins/workflow-support.jpi : 3.2
INSTALLED plugins/ws-cleanup.jpi : 0.37
INSTALLED plugins.txt
--- Copying files at Mon Feb 25 15:16:49 UTC 2019
