--- Copying files at Mon Feb 25 15:16:47 UTC 2019
INSTALLED init.groovy.d/security.groovy
INSTALLED init.groovy.d/tcp-slave-agent-port.groovy
INSTALLED plugins/ace-editor.jpi : 1.1
INSTALLED plugins/ant.jpi : 1.9
INSTALLED plugins/antisamy-markup-formatter.jpi : 1.5
INSTALLED plugins/apache-httpcomponents-client-4-api.jpi : 4.5.5-3.0
INSTALLED plugins/authentication-tokens.jpi : 1.3
INSTALLED plugins/bouncycastle-api.jpi : 2.17
INSTALLED plugins/branch-api.jpi : 2.1.2
INSTALLED plugins/build-timeout.jpi : 1.19
INSTALLED plugins/cloudbees-folder.jpi : 6.7
INSTALLED plugins/command-launcher.jpi : 1.3
INSTALLED plugins/credentials-binding.jpi : 1.17
INSTALLED plugins/credentials.jpi : 2.1.18
INSTALLED plugins/display-url-api.jpi : 2.3.0
INSTALLED plugins/docker-build-step.jpi : 2.2
INSTALLED plugins/docker-commons.jpi : 1.13
INSTALLED plugins/docker-compose-build-step.jpi : 1.0
INSTALLED plugins/docker-java-api.jpi : 3.0.14
INSTALLED plugins/docker-plugin.jpi : 1.1.6
INSTALLED plugins/docker-workflow.jpi : 1.17
INSTALLED plugins/durable-task.jpi : 1.29
INSTALLED plugins/email-ext.jpi : 2.63
INSTALLED plugins/git-client.jpi : 2.7.6
INSTALLED plugins/git-server.jpi : 1.7
INSTALLED plugins/git.jpi : 3.9.3
INSTALLED plugins/github-api.jpi : 1.95
INSTALLED plugins/github-branch-source.jpi : 2.4.2
INSTALLED plugins/github.jpi : 1.29.4
INSTALLED plugins/gradle.jpi : 1.30
INSTALLED plugins/handlebars.jpi : 1.1.1
INSTALLED plugins/jackson2-api.jpi : 2.9.8
INSTALLED plugins/jdk-tool.jpi : 1.2
INSTALLED plugins/jquery-detached.jpi : 1.2.1
INSTALLED plugins/jsch.jpi : 0.1.55
INSTALLED plugins/junit.jpi : 1.27
INSTALLED plugins/ldap.jpi : 1.20
INSTALLED plugins/lockable-resources.jpi : 2.4
INSTALLED plugins/mailer.jpi : 1.23
INSTALLED plugins/mapdb-api.jpi : 1.0.9.0
INSTALLED plugins/matrix-auth.jpi : 2.3
INSTALLED plugins/matrix-project.jpi : 1.13
INSTALLED plugins/momentjs.jpi : 1.1.1
INSTALLED plugins/pam-auth.jpi : 1.4
INSTALLED plugins/pipeline-build-step.jpi : 2.7
INSTALLED plugins/pipeline-github-lib.jpi : 1.0
INSTALLED plugins/pipeline-graph-analysis.jpi : 1.9
INSTALLED plugins/pipeline-input-step.jpi : 2.9
INSTALLED plugins/pipeline-milestone-step.jpi : 1.3.1
INSTALLED plugins/pipeline-model-api.jpi : 1.3.4.1
INSTALLED plugins/pipeline-model-declarative-agent.jpi : 1.1.1
INSTALLED plugins/pipeline-model-definition.jpi : 1.3.4.1
INSTALLED plugins/pipeline-model-extensions.jpi : 1.3.4.1
INSTALLED plugins/pipeline-rest-api.jpi : 2.10
INSTALLED plugins/pipeline-stage-step.jpi : 2.3
INSTALLED plugins/pipeline-stage-tags-metadata.jpi : 1.3.4.1
INSTALLED plugins/pipeline-stage-view.jpi : 2.10
INSTALLED plugins/plain-credentials.jpi : 1.5
INSTALLED plugins/resource-disposer.jpi : 0.12
INSTALLED plugins/scm-api.jpi : 2.3.0
INSTALLED plugins/script-security.jpi : 1.53
INSTALLED plugins/ssh-credentials.jpi : 1.14
INSTALLED plugins/ssh-slaves.jpi : 1.29.4
INSTALLED plugins/structs.jpi : 1.17
INSTALLED plugins/subversion.jpi : 2.12.1
INSTALLED plugins/timestamper.jpi : 1.9
INSTALLED plugins/token-macro.jpi : 2.6
INSTALLED plugins/workflow-aggregator.jpi : 2.6
INSTALLED plugins/workflow-api.jpi : 2.33
INSTALLED plugins/workflow-basic-steps.jpi : 2.14
INSTALLED plugins/workflow-cps-global-lib.jpi : 2.13
INSTALLED plugins/workflow-cps.jpi : 2.63
INSTALLED plugins/workflow-durable-task-step.jpi : 2.28
INSTALLED plugins/workflow-job.jpi : 2.31
INSTALLED plugins/workflow-multibranch.jpi : 2.20
INSTALLED plugins/workflow-scm-step.jpi : 2.7
INSTALLED plugins/workflow-step-api.jpi : 2.19
INSTALLED plugins/workflow-support.jpi : 3.2
INSTALLED plugins/ws-cleanup.jpi : 0.37
INSTALLED plugins.txt
--- Copying files at Mon Feb 25 15:16:49 UTC 2019
--- Copying files at Sat Mar 23 11:25:10 UTC 2019
--- Copying files at Sat Mar 23 13:47:54 UTC 2019
--- Copying files at Mon Mar 25 15:28:55 UTC 2019
--- Copying files at Mon Mar 25 22:19:16 UTC 2019
--- Copying files at Tue Mar 26 04:45:48 UTC 2019
--- Copying files at Tue Apr  2 10:10:19 UTC 2019
--- Copying files at Tue Apr  2 12:46:09 UTC 2019
--- Copying files at Tue Apr  2 13:22:12 UTC 2019
--- Copying files at Tue Apr  2 13:43:24 UTC 2019
--- Copying files at Thu Apr  4 17:24:18 UTC 2019
UPGRADED plugins/github-branch-source.jpi : Image version (2.4.5) is newer than installed version (2.4.2)
UPGRADED plugins/script-security.jpi : Image version (1.56) is newer than installed version (1.53)
UPGRADED plugins/lockable-resources.jpi : Image version (2.5) is newer than installed version (2.4)
UPGRADED plugins/display-url-api.jpi : Image version (2.3.1) is newer than installed version (2.3.0)
UPGRADED plugins/workflow-multibranch.jpi : Image version (2.21) is newer than installed version (2.20)
UPGRADED plugins/workflow-cps.jpi : Image version (2.65) is newer than installed version (2.63)
UPGRADED plugins/ssh-credentials.jpi : Image version (1.15) is newer than installed version (1.14)
UPGRADED plugins/credentials-binding.jpi : Image version (1.18) is newer than installed version (1.17)
UPGRADED plugins/email-ext.jpi : Image version (2.66) is newer than installed version (2.63)
UPGRADED plugins/branch-api.jpi : Image version (2.2.0) is newer than installed version (2.1.2)
UPGRADED plugins/pipeline-stage-tags-metadata.jpi : Image version (1.3.7) is newer than installed version (1.3.4.1)
UPGRADED plugins/pipeline-build-step.jpi : Image version (2.8) is newer than installed version (2.7)
UPGRADED plugins/token-macro.jpi : Image version (2.7) is newer than installed version (2.6)
UPGRADED plugins/pipeline-model-api.jpi : Image version (1.3.7) is newer than installed version (1.3.4.1)
UPGRADED plugins/gradle.jpi : Image version (1.31) is newer than installed version (1.30)
UPGRADED plugins/matrix-project.jpi : Image version (1.14) is newer than installed version (1.13)
UPGRADED plugins/scm-api.jpi : Image version (2.4.0) is newer than installed version (2.3.0)
UPGRADED plugins/pipeline-input-step.jpi : Image version (2.10) is newer than installed version (2.9)
UPGRADED plugins/workflow-job.jpi : Image version (2.32) is newer than installed version (2.31)
UPGRADED plugins/pipeline-model-definition.jpi : Image version (1.3.7) is newer than installed version (1.3.4.1)
UPGRADED plugins/workflow-basic-steps.jpi : Image version (2.15) is newer than installed version (2.14)
UPGRADED plugins/pipeline-model-extensions.jpi : Image version (1.3.7) is newer than installed version (1.3.4.1)
INSTALLED plugins/ssh-steps.jpi : 1.2.1
--- Copying files at Thu Apr  4 18:42:47 UTC 2019
--- Copying files at Sat Apr  6 09:36:32 UTC 2019
--- Copying files at Wed May 22 14:11:09 UTC 2019
